<?xml version="1.0" encoding="UTF-8"?>
<!-- Generated by org.testng.reporters.JUnitReportReporter -->
<testsuite hostname="DESKTOP-UV0REN3" failures="0" tests="1" name="ExcelData.TestDataExcel" time="1.245" errors="0" timestamp="2023-07-26T18:02:34 IST" skipped="0">
  <testcase classname="ExcelData.TestDataExcel" name="TestExcelData" time="1.245"/>
  <system-out/>
</testsuite> <!-- ExcelData.TestDataExcel -->
