<?xml version="1.0" encoding="UTF-8"?>
<!-- Generated by org.testng.reporters.JUnitReportReporter -->
<testsuite hostname="DESKTOP-UV0REN3" failures="0" tests="5" name="DataHandling.TestData" time="0.060" errors="0" timestamp="2023-07-22T08:12:18 IST" skipped="0">
  <testcase classname="DataHandling.TestData" name="getData" time="0.005"/>
  <system-out/>
  <testcase classname="DataHandling.TestData" name="getData" time="0.025"/>
  <system-out/>
  <testcase classname="DataHandling.TestData" name="getData" time="0.004"/>
  <system-out/>
  <testcase classname="DataHandling.TestData" name="getData" time="0.009"/>
  <system-out/>
  <testcase classname="DataHandling.TestData" name="getData" time="0.017"/>
  <system-out/>
</testsuite> <!-- DataHandling.TestData -->
