<?xml version="1.0" encoding="UTF-8"?>
<!-- Generated by org.testng.reporters.JUnitReportReporter -->
<testsuite hostname="DESKTOP-9F6M6IV" failures="0" tests="5" name="TestNG_Grouping.TestNgGroupsDemo" time="0.077" errors="0" timestamp="2023-12-25T16:00:14 IST" skipped="0">
  <testcase classname="TestNG_Grouping.TestNgGroupsDemo" name="TestOne" time="0.014"/>
  <testcase classname="TestNG_Grouping.TestNgGroupsDemo" name="TestTwo" time="0.010"/>
  <testcase classname="TestNG_Grouping.TestNgGroupsDemo" name="TestFive" time="0.040"/>
  <testcase classname="TestNG_Grouping.TestNgGroupsDemo" name="TestThree" time="0.005"/>
  <testcase classname="TestNG_Grouping.TestNgGroupsDemo" name="TestFour" time="0.008"/>
</testsuite> <!-- TestNG_Grouping.TestNgGroupsDemo -->
