<?xml version="1.0" encoding="UTF-8"?>
<!-- Generated by org.testng.reporters.JUnitReportReporter -->
<testsuite hostname="DESKTOP-UV0REN3" failures="0" tests="1" name="Window_Tab.TestWindowHandles" time="19.101" errors="0" timestamp="2023-08-02T10:41:19 IST" skipped="0">
  <testcase classname="Window_Tab.TestWindowHandles" name="switchToWindow" time="19.101"/>
  <system-out/>
</testsuite> <!-- Window_Tab.TestWindowHandles -->
