<?xml version="1.0" encoding="UTF-8"?>
<!-- Generated by org.testng.reporters.JUnitReportReporter -->
<testsuite hostname="DESKTOP-UV0REN3" failures="0" tests="3" name="TestNG_Attributes.TestTestNG" time="0.024" errors="0" timestamp="2023-10-17T16:42:26 IST" skipped="0">
  <testcase classname="TestNG_Attributes.TestTestNG" name="a" time="0.015"/>
  <system-out/>
  <testcase classname="TestNG_Attributes.TestTestNG" name="c" time="0.005"/>
  <system-out/>
  <testcase classname="TestNG_Attributes.TestTestNG" name="b" time="0.004"/>
  <system-out/>
</testsuite> <!-- TestNG_Attributes.TestTestNG -->
