<?xml version="1.0" encoding="UTF-8"?>
<!-- Generated by org.testng.reporters.JUnitReportReporter -->
<testsuite hostname="DESKTOP-UV0REN3" failures="0" tests="1" name="CaptureScreenShotTest.FullPageScreenShot" time="26.677" errors="0" timestamp="2023-07-23T20:54:54 IST" skipped="0">
  <testcase classname="CaptureScreenShotTest.FullPageScreenShot" name="getFullPageScreenshot" time="26.677"/>
  <system-out/>
</testsuite> <!-- CaptureScreenShotTest.FullPageScreenShot -->
