<?xml version="1.0" encoding="UTF-8"?>
<!-- Generated by org.testng.reporters.JUnitReportReporter -->
<testsuite hostname="DESKTOP-UV0REN3" failures="0" tests="1" name="ExcelData.NewTestDataExcel" time="1.122" errors="0" timestamp="2023-08-10T20:50:55 IST" skipped="0">
  <testcase classname="ExcelData.NewTestDataExcel" name="getTestData" time="1.122"/>
  <system-out/>
</testsuite> <!-- ExcelData.NewTestDataExcel -->
