<?xml version="1.0" encoding="UTF-8"?>
<!-- Generated by org.testng.reporters.JUnitReportReporter -->
<testsuite hostname="DESKTOP-UV0REN3" failures="0" tests="1" name="TestScreenShot.FullPageScreenShot" time="98.315" errors="0" timestamp="2023-08-01T18:16:50 IST" skipped="0">
  <testcase classname="TestScreenShot.FullPageScreenShot" name="getFullPageScreenShot" time="98.315"/>
  <system-out/>
</testsuite> <!-- TestScreenShot.FullPageScreenShot -->
