<?xml version="1.0" encoding="UTF-8"?>
<!-- Generated by org.testng.reporters.JUnitReportReporter -->
<testsuite hostname="DESKTOP-9F6M6IV" failures="0" tests="1" name="Selenium4_TakeScreenShot.PortionScreenshot" time="34.587" errors="0" timestamp="2023-12-12T12:48:50 IST" skipped="0">
  <testcase classname="Selenium4_TakeScreenShot.PortionScreenshot" name="getPortionScreenshot" time="34.587"/>
</testsuite> <!-- Selenium4_TakeScreenShot.PortionScreenshot -->
