<?xml version="1.0" encoding="UTF-8"?>
<!-- Generated by org.testng.reporters.JUnitReportReporter -->
<testsuite hostname="DESKTOP-UV0REN3" failures="0" tests="1" name="ExcelData.HandleExcelTestData" time="1.599" errors="0" timestamp="2023-07-27T20:20:46 IST" skipped="0">
  <testcase classname="ExcelData.HandleExcelTestData" name="getTestData" time="1.599"/>
  <system-out/>
</testsuite> <!-- ExcelData.HandleExcelTestData -->
