<?xml version="1.0" encoding="UTF-8"?>
<!-- Generated by org.testng.reporters.JUnitReportReporter -->
<testsuite hostname="DESKTOP-UV0REN3" failures="0" tests="1" name="ExcelData.TestExcel" time="1.097" errors="0" timestamp="2023-08-01T17:16:20 IST" skipped="0">
  <testcase classname="ExcelData.TestExcel" name="getTestDataExcel" time="1.097"/>
  <system-out/>
</testsuite> <!-- ExcelData.TestExcel -->
