<?xml version="1.0" encoding="UTF-8"?>
<!-- Generated by org.testng.reporters.JUnitReportReporter -->
<testsuite hostname="DESKTOP-UV0REN3" failures="0" tests="3" name="DataHandling.HandleData" time="0.042" errors="0" timestamp="2023-07-08T15:45:53 IST" skipped="0">
  <testcase classname="DataHandling.HandleData" name="getData" time="0.013"/>
  <system-out/>
  <testcase classname="DataHandling.HandleData" name="getData" time="0.026"/>
  <system-out/>
  <testcase classname="DataHandling.HandleData" name="getData" time="0.003"/>
  <system-out/>
</testsuite> <!-- DataHandling.HandleData -->
