<?xml version="1.0" encoding="UTF-8"?>
<!-- Generated by org.testng.reporters.JUnitReportReporter -->
<testsuite hostname="DESKTOP-UV0REN3" failures="0" tests="1" name="Utility.TestOverloading" time="1.587" errors="0" timestamp="2023-10-17T17:14:35 IST" skipped="0">
  <testcase classname="Utility.TestOverloading" name="SelectDOB" time="1.587"/>
  <system-out/>
</testsuite> <!-- Utility.TestOverloading -->
