<?xml version="1.0" encoding="UTF-8"?>
<!-- Generated by org.testng.reporters.JUnitReportReporter -->
<testsuite hostname="DESKTOP-UV0REN3" failures="0" tests="3" name="DataHandling.TestData1" time="0.023" errors="0" timestamp="2023-07-22T08:14:34 IST" skipped="0">
  <testcase classname="DataHandling.TestData1" name="getData" time="0.015"/>
  <system-out/>
  <testcase classname="DataHandling.TestData1" name="getData" time="0.004"/>
  <system-out/>
  <testcase classname="DataHandling.TestData1" name="getData" time="0.004"/>
  <system-out/>
</testsuite> <!-- DataHandling.TestData1 -->
