<?xml version="1.0" encoding="UTF-8"?>
<!-- Generated by org.testng.reporters.JUnitReportReporter -->
<testsuite hostname="DESKTOP-UV0REN3" failures="0" tests="1" name="ExcelData.TestDataUsingIterator" time="1.256" errors="0" timestamp="2023-07-26T11:17:57 IST" skipped="0">
  <testcase classname="ExcelData.TestDataUsingIterator" name="TestDataIterator" time="1.256"/>
  <system-out/>
</testsuite> <!-- ExcelData.TestDataUsingIterator -->
