<?xml version="1.0" encoding="UTF-8"?>
<!-- Generated by org.testng.reporters.JUnitReportReporter -->
<testsuite hostname="DESKTOP-UV0REN3" failures="0" tests="3" name="DataHandling.Test2D_Data" time="0.020" errors="0" timestamp="2023-08-10T20:17:16 IST" skipped="0">
  <testcase classname="DataHandling.Test2D_Data" name="getData" time="0.003"/>
  <system-out/>
  <testcase classname="DataHandling.Test2D_Data" name="getData" time="0.014"/>
  <system-out/>
  <testcase classname="DataHandling.Test2D_Data" name="getData" time="0.003"/>
  <system-out/>
</testsuite> <!-- DataHandling.Test2D_Data -->
