<?xml version="1.0" encoding="UTF-8"?>
<!-- Generated by org.testng.reporters.JUnitReportReporter -->
<testsuite hostname="DESKTOP-UV0REN3" failures="0" tests="1" name="TestCaptureScreenshot.SectionScreenShot" time="6.054" errors="0" timestamp="2023-07-26T18:24:14 IST" skipped="0">
  <testcase classname="TestCaptureScreenshot.SectionScreenShot" name="getSectionScreenshot" time="6.054"/>
  <system-out/>
</testsuite> <!-- TestCaptureScreenshot.SectionScreenShot -->
