<?xml version="1.0" encoding="UTF-8"?>
<!-- Generated by org.testng.reporters.JUnitReportReporter -->
<testsuite hostname="DESKTOP-UV0REN3" failures="0" tests="1" name="ExcelData.TestExcelData" time="1.171" errors="0" timestamp="2023-07-26T16:38:12 IST" skipped="0">
  <testcase classname="ExcelData.TestExcelData" name="testData" time="1.171"/>
  <system-out/>
</testsuite> <!-- ExcelData.TestExcelData -->
