<?xml version="1.0" encoding="UTF-8"?>
<!-- Generated by org.testng.reporters.JUnitReportReporter -->
<testsuite hostname="DESKTOP-UV0REN3" failures="0" tests="1" name="TestWindowHandles.WindowHandling" time="12.790" errors="0" timestamp="2023-07-27T10:14:19 IST" skipped="0">
  <testcase classname="TestWindowHandles.WindowHandling" name="switchToOriginalWindow" time="12.790"/>
  <system-out/>
</testsuite> <!-- TestWindowHandles.WindowHandling -->
