<?xml version="1.0" encoding="UTF-8"?>
<!-- Generated by org.testng.reporters.JUnitReportReporter -->
<testsuite hostname="DESKTOP-UV0REN3" failures="0" tests="1" name="BrowserNavigation.BrowserBackForward_JS" time="16.763" errors="0" timestamp="2023-09-04T16:17:28 IST" skipped="0">
  <testcase classname="BrowserNavigation.BrowserBackForward_JS" name="getBrowserNavigation" time="16.763"/>
  <system-out/>
</testsuite> <!-- BrowserNavigation.BrowserBackForward_JS -->
