<?xml version="1.0" encoding="UTF-8"?>
<!-- Generated by org.testng.reporters.JUnitReportReporter -->
<testsuite hostname="DESKTOP-9F6M6IV" failures="0" tests="5" name="DynamicWebTables.VerifyDynamicWebTable" time="23.581" errors="0" timestamp="2023-12-03T17:24:49 IST" skipped="1">
  <testcase classname="DynamicWebTables.VerifyDynamicWebTable" name="setUp" time="22.224"/>
  <testcase classname="DynamicWebTables.VerifyDynamicWebTable" name="VerifyTableHeaders" time="0.238"/>
  <testcase classname="DynamicWebTables.VerifyDynamicWebTable" name="VerifyCityColumn" time="0.494"/>
  <testcase classname="DynamicWebTables.VerifyDynamicWebTable" name="VerifyPositionColumn" time="0.625"/>
  <testcase classname="DynamicWebTables.VerifyDynamicWebTable" name="verifyFirstRecord">
    <skipped/>
  </testcase> <!-- verifyFirstRecord -->
</testsuite> <!-- DynamicWebTables.VerifyDynamicWebTable -->
