<?xml version="1.0" encoding="UTF-8"?>
<!-- Generated by org.testng.reporters.JUnitReportReporter -->
<testsuite hostname="DESKTOP-UV0REN3" failures="0" tests="1" name="HandleExcelData.TestExcelData" time="1.121" errors="0" timestamp="2023-08-01T17:32:20 IST" skipped="0">
  <testcase classname="HandleExcelData.TestExcelData" name="getTestData" time="1.121"/>
  <system-out/>
</testsuite> <!-- HandleExcelData.TestExcelData -->
