<?xml version="1.0" encoding="UTF-8"?>
<!-- Generated by org.testng.reporters.JUnitReportReporter -->
<testsuite hostname="DESKTOP-UV0REN3" failures="0" tests="1" name="Window_Tab.WindowHandleTest" time="48.237" errors="0" timestamp="2023-07-25T15:48:46 IST" skipped="0">
  <testcase classname="Window_Tab.WindowHandleTest" name="getSwitchWindow" time="48.237"/>
  <system-out/>
</testsuite> <!-- Window_Tab.WindowHandleTest -->
