<?xml version="1.0" encoding="UTF-8"?>
<!-- Generated by org.testng.reporters.JUnitReportReporter -->
<testsuite hostname="DESKTOP-UV0REN3" failures="0" tests="1" name="TestScreenShot.ElementScreenshot" time="29.418" errors="0" timestamp="2023-08-01T17:45:49 IST" skipped="0">
  <testcase classname="TestScreenShot.ElementScreenshot" name="getScreenshot" time="29.418"/>
  <system-out/>
</testsuite> <!-- TestScreenShot.ElementScreenshot -->
