<?xml version="1.0" encoding="UTF-8"?>
<!-- Generated by org.testng.reporters.JUnitReportReporter -->
<testsuite hostname="DESKTOP-UV0REN3" failures="0" tests="1" name="Test.AppLaunch" time="5.766" errors="0" timestamp="2023-07-06T14:31:49 IST" skipped="0">
  <testcase classname="Test.AppLaunch" name="TestAppLaunch" time="5.766"/>
  <system-out/>
</testsuite> <!-- Test.AppLaunch -->
