<?xml version="1.0" encoding="UTF-8"?>
<!-- Generated by org.testng.reporters.JUnitReportReporter -->
<testsuite hostname="DESKTOP-UV0REN3" failures="0" tests="1" name="CaptureScreenShots.TakePortionScreenshot" time="9.999" errors="0" timestamp="2023-07-23T14:04:13 IST" skipped="0">
  <testcase classname="CaptureScreenShots.TakePortionScreenshot" name="getPortionScreenshot" time="9.999"/>
  <system-out/>
</testsuite> <!-- CaptureScreenShots.TakePortionScreenshot -->
