<?xml version="1.0" encoding="UTF-8"?>
<!-- Generated by org.testng.reporters.JUnitReportReporter -->
<testsuite hostname="DESKTOP-9F6M6IV" failures="0" tests="1" name="getAllLinks.FetchAllWebLinks" time="78.292" errors="0" timestamp="2023-12-19T13:14:35 IST" skipped="0">
  <testcase classname="getAllLinks.FetchAllWebLinks" name="SetLinks" time="78.292"/>
</testsuite> <!-- getAllLinks.FetchAllWebLinks -->
