<?xml version="1.0" encoding="UTF-8"?>
<!-- Generated by org.testng.reporters.JUnitReportReporter -->
<testsuite hostname="DESKTOP-UV0REN3" failures="0" tests="1" name="Test.AmazonIndia" time="16.312" errors="0" timestamp="2023-08-02T13:30:33 IST" skipped="0">
  <testcase classname="Test.AmazonIndia" name="AmazonAppLaunch" time="16.312"/>
  <system-out/>
</testsuite> <!-- Test.AmazonIndia -->
