<?xml version="1.0" encoding="UTF-8"?>
<!-- Generated by org.testng.reporters.JUnitReportReporter -->
<testsuite hostname="DESKTOP-9F6M6IV" failures="0" tests="3" name="SeleniumWaits.TestFluentWait" time="15.115" errors="0" timestamp="2023-12-02T08:41:44 IST" skipped="0">
  <testcase classname="SeleniumWaits.TestFluentWait" name="selectDropdown" time="0.839"/>
  <testcase classname="SeleniumWaits.TestFluentWait" name="setUp" time="9.340"/>
  <testcase classname="SeleniumWaits.TestFluentWait" name="navigateToSignUp" time="4.936"/>
</testsuite> <!-- SeleniumWaits.TestFluentWait -->
