<?xml version="1.0" encoding="UTF-8"?>
<!-- Generated by org.testng.reporters.JUnitReportReporter -->
<testsuite hostname="DESKTOP-UV0REN3" failures="0" tests="2" name="HandleData.HandleTestData" time="0.020" errors="0" timestamp="2023-07-27T20:22:30 IST" skipped="0">
  <testcase classname="HandleData.HandleTestData" name="getData" time="0.017"/>
  <system-out/>
  <testcase classname="HandleData.HandleTestData" name="getData" time="0.003"/>
  <system-out/>
</testsuite> <!-- HandleData.HandleTestData -->
