<?xml version="1.0" encoding="UTF-8"?>
<!-- Generated by org.testng.reporters.JUnitReportReporter -->
<testsuite hostname="DESKTOP-UV0REN3" failures="0" tests="1" name="CaptureScreenShots.FullPageScreenShots" time="18.533" errors="0" timestamp="2023-07-23T14:19:39 IST" skipped="0">
  <testcase classname="CaptureScreenShots.FullPageScreenShots" name="getFullPageScreenshot" time="18.533"/>
  <system-out/>
</testsuite> <!-- CaptureScreenShots.FullPageScreenShots -->
