<?xml version="1.0" encoding="UTF-8"?>
<!-- Generated by org.testng.reporters.JUnitReportReporter -->
<testsuite hostname="DESKTOP-UV0REN3" failures="0" tests="1" name="Selenium4_Screenshot.SectionScreenShots" time="14.636" errors="0" timestamp="2023-07-24T18:14:44 IST" skipped="0">
  <testcase classname="Selenium4_Screenshot.SectionScreenShots" name="getSectionScreenshot" time="14.636"/>
  <system-out/>
</testsuite> <!-- Selenium4_Screenshot.SectionScreenShots -->
