<?xml version="1.0" encoding="UTF-8"?>
<!-- Generated by org.testng.reporters.JUnitReportReporter -->
<testsuite hostname="DESKTOP-UV0REN3" failures="0" tests="1" name="Window_Tab.OpenWindowTab" time="9.672" errors="0" timestamp="2023-07-25T10:51:01 IST" skipped="0">
  <testcase classname="Window_Tab.OpenWindowTab" name="windowTab" time="9.672"/>
  <system-out/>
</testsuite> <!-- Window_Tab.OpenWindowTab -->
