<?xml version="1.0" encoding="UTF-8"?>
<!-- Generated by org.testng.reporters.JUnitReportReporter -->
<testsuite hostname="DESKTOP-UV0REN3" failures="0" tests="1" name="Window_Tab.WindowHandling" time="22.007" errors="0" timestamp="2023-07-25T11:55:56 IST" skipped="0">
  <testcase classname="Window_Tab.WindowHandling" name="switchToOriginalWindow" time="22.007"/>
  <system-out/>
</testsuite> <!-- Window_Tab.WindowHandling -->
