<?xml version="1.0" encoding="UTF-8"?>
<!-- Generated by org.testng.reporters.JUnitReportReporter -->
<testsuite hostname="DESKTOP-9F6M6IV" failures="0" tests="4" name="TestNG_Attributes.TestPriority" time="0.078" errors="0" timestamp="2023-12-26T15:14:12 IST" skipped="0">
  <testcase classname="TestNG_Attributes.TestPriority" name="MethodFour" time="0.038"/>
  <testcase classname="TestNG_Attributes.TestPriority" name="MethodThree" time="0.016"/>
  <testcase classname="TestNG_Attributes.TestPriority" name="MethodOne" time="0.018"/>
  <testcase classname="TestNG_Attributes.TestPriority" name="MethodTwo" time="0.006"/>
</testsuite> <!-- TestNG_Attributes.TestPriority -->
