<?xml version="1.0" encoding="UTF-8"?>
<!-- Generated by org.testng.reporters.JUnitReportReporter -->
<testsuite hostname="DESKTOP-UV0REN3" failures="0" tests="1" name="WindowHandle.TestWindowHandles" time="39.092" errors="0" timestamp="2023-08-02T10:47:57 IST" skipped="0">
  <testcase classname="WindowHandle.TestWindowHandles" name="switchWindow" time="39.092"/>
  <system-out/>
</testsuite> <!-- WindowHandle.TestWindowHandles -->
