<?xml version="1.0" encoding="UTF-8"?>
<!-- Generated by org.testng.reporters.JUnitReportReporter -->
<testsuite hostname="DESKTOP-UV0REN3" failures="0" tests="3" name="DataHandling.TestExcelData" time="0.021" errors="0" timestamp="2023-07-19T14:37:18 IST" skipped="0">
  <testcase classname="DataHandling.TestExcelData" name="getData" time="0.015"/>
  <system-out/>
  <testcase classname="DataHandling.TestExcelData" name="getData" time="0.004"/>
  <system-out/>
  <testcase classname="DataHandling.TestExcelData" name="getData" time="0.002"/>
  <system-out/>
</testsuite> <!-- DataHandling.TestExcelData -->
