<?xml version="1.0" encoding="UTF-8"?>
<!-- Generated by org.testng.reporters.JUnitReportReporter -->
<testsuite hostname="DESKTOP-UV0REN3" failures="0" tests="3" name="Handle2DArrayData.Test2DArrayData" time="0.019" errors="0" timestamp="2023-08-01T16:46:29 IST" skipped="0">
  <testcase classname="Handle2DArrayData.Test2DArrayData" name="getData" time="0.002"/>
  <system-out/>
  <testcase classname="Handle2DArrayData.Test2DArrayData" name="getData" time="0.014"/>
  <system-out/>
  <testcase classname="Handle2DArrayData.Test2DArrayData" name="getData" time="0.003"/>
  <system-out/>
</testsuite> <!-- Handle2DArrayData.Test2DArrayData -->
