<?xml version="1.0" encoding="UTF-8"?>
<!-- Generated by org.testng.reporters.JUnitReportReporter -->
<testsuite hostname="DESKTOP-UV0REN3" failures="0" tests="1" name="Selenium4_Screenshot.ElementScreenshot" time="16.120" errors="0" timestamp="2023-07-24T18:03:30 IST" skipped="0">
  <testcase classname="Selenium4_Screenshot.ElementScreenshot" name="getElementScreenshot" time="16.120"/>
  <system-out/>
</testsuite> <!-- Selenium4_Screenshot.ElementScreenshot -->
