<?xml version="1.0" encoding="UTF-8"?>
<!-- Generated by org.testng.reporters.JUnitReportReporter -->
<testsuite hostname="DESKTOP-UV0REN3" failures="0" tests="1" name="FileHandling.DataAppend" time="0.018" errors="0" timestamp="2023-09-06T11:28:26 IST" skipped="0">
  <testcase classname="FileHandling.DataAppend" name="TestDataAppend" time="0.018"/>
  <system-out/>
</testsuite> <!-- FileHandling.DataAppend -->
