<?xml version="1.0" encoding="UTF-8"?>
<!-- Generated by org.testng.reporters.JUnitReportReporter -->
<testsuite hostname="DESKTOP-UV0REN3" failures="0" tests="1" name="CaptureScreenShots.TakeEleScreenshot" time="8.502" errors="0" timestamp="2023-07-23T13:47:40 IST" skipped="0">
  <testcase classname="CaptureScreenShots.TakeEleScreenshot" name="getElementScreenshot" time="8.502"/>
  <system-out/>
</testsuite> <!-- CaptureScreenShots.TakeEleScreenshot -->
