<?xml version="1.0" encoding="UTF-8"?>
<!-- Generated by org.testng.reporters.JUnitReportReporter -->
<testsuite hostname="DESKTOP-UV0REN3" failures="0" tests="2" name="TestNG_Attributes.TestNG_TestAttributes" time="0.020" errors="0" timestamp="2023-10-03T15:16:05 IST" skipped="1">
  <testcase classname="TestNG_Attributes.TestNG_TestAttributes" name="test2" time="0.020"/>
  <system-out/>
  <testcase classname="TestNG_Attributes.TestNG_TestAttributes" name="testMain">
    <skipped/>
  </testcase> <!-- testMain -->
  <system-out/>
</testsuite> <!-- TestNG_Attributes.TestNG_TestAttributes -->
