<?xml version="1.0" encoding="UTF-8"?>
<!-- Generated by org.testng.reporters.JUnitReportReporter -->
<testsuite hostname="DESKTOP-UV0REN3" failures="0" tests="1" name="TestCaptureScreenshot.FullPageScreenshot" time="12.735" errors="0" timestamp="2023-07-26T18:30:24 IST" skipped="0">
  <testcase classname="TestCaptureScreenshot.FullPageScreenshot" name="getFullPage" time="12.735"/>
  <system-out/>
</testsuite> <!-- TestCaptureScreenshot.FullPageScreenshot -->
