<?xml version="1.0" encoding="UTF-8"?>
<!-- Generated by org.testng.reporters.JUnitReportReporter -->
<testsuite hostname="DESKTOP-9F6M6IV" failures="0" tests="1" name="DataHandling.ExcelData" time="3.257" errors="0" timestamp="2023-12-06T13:10:31 IST" skipped="0">
  <testcase classname="DataHandling.ExcelData" name="getExcelData" time="3.257"/>
</testsuite> <!-- DataHandling.ExcelData -->
