<?xml version="1.0" encoding="UTF-8"?>
<!-- Generated by org.testng.reporters.JUnitReportReporter -->
<testsuite hostname="DESKTOP-UV0REN3" failures="0" tests="1" name="CaptureScreenShotTest.SectionScreenhot" time="12.765" errors="0" timestamp="2023-07-23T20:19:36 IST" skipped="0">
  <testcase classname="CaptureScreenShotTest.SectionScreenhot" name="getSectionScreenshot" time="12.765"/>
  <system-out/>
</testsuite> <!-- CaptureScreenShotTest.SectionScreenhot -->
