<?xml version="1.0" encoding="UTF-8"?>
<!-- Generated by org.testng.reporters.JUnitReportReporter -->
<testsuite hostname="DESKTOP-UV0REN3" failures="0" tests="1" name="Test.XiaomiIndia" time="8.452" errors="0" timestamp="2023-08-02T13:30:33 IST" skipped="0">
  <testcase classname="Test.XiaomiIndia" name="XiaomiAppLaunch" time="8.452"/>
  <system-out/>
</testsuite> <!-- Test.XiaomiIndia -->
