<?xml version="1.0" encoding="UTF-8"?>
<!-- Generated by org.testng.reporters.JUnitReportReporter -->
<testsuite hostname="DESKTOP-UV0REN3" failures="0" tests="1" name="TestScreenShot.SectionScreenShot" time="7.618" errors="0" timestamp="2023-08-01T18:05:05 IST" skipped="0">
  <testcase classname="TestScreenShot.SectionScreenShot" name="getSectionScreenShot" time="7.618"/>
  <system-out/>
</testsuite> <!-- TestScreenShot.SectionScreenShot -->
