<?xml version="1.0" encoding="UTF-8"?>
<!-- Generated by org.testng.reporters.JUnitReportReporter -->
<testsuite hostname="DESKTOP-UV0REN3" failures="0" tests="1" name="FileHandling.ReadFile" time="0.028" errors="0" timestamp="2023-07-25T16:52:34 IST" skipped="0">
  <testcase classname="FileHandling.ReadFile" name="TestReadFile" time="0.028"/>
  <system-out/>
</testsuite> <!-- FileHandling.ReadFile -->
