<?xml version="1.0" encoding="UTF-8"?>
<!-- Generated by org.testng.reporters.JUnitReportReporter -->
<testsuite hostname="DESKTOP-UV0REN3" failures="0" tests="1" name="CaptureScreenShotTest.ElementScreenshot" time="11.760" errors="0" timestamp="2023-07-23T20:00:43 IST" skipped="0">
  <testcase classname="CaptureScreenShotTest.ElementScreenshot" name="getElementScreenShot" time="11.760"/>
  <system-out/>
</testsuite> <!-- CaptureScreenShotTest.ElementScreenshot -->
