<?xml version="1.0" encoding="UTF-8"?>
<!-- Generated by org.testng.reporters.JUnitReportReporter -->
<testsuite hostname="DESKTOP-9F6M6IV" failures="0" tests="3" name="DataHandling.Test2D_ArrayData" time="0.150" errors="0" timestamp="2023-12-12T11:31:48 IST" skipped="0">
  <testcase classname="DataHandling.Test2D_ArrayData" name="getData" time="0.009"/>
  <testcase classname="DataHandling.Test2D_ArrayData" name="getData" time="0.018"/>
  <testcase classname="DataHandling.Test2D_ArrayData" name="getData" time="0.123"/>
</testsuite> <!-- DataHandling.Test2D_ArrayData -->
