<?xml version="1.0" encoding="UTF-8"?>
<!-- Generated by org.testng.reporters.JUnitReportReporter -->
<testsuite hostname="DESKTOP-UV0REN3" failures="0" tests="2" name="TestNG_Attributes.child" time="0.016" errors="0" timestamp="2023-10-03T15:14:08 IST" skipped="0">
  <testcase classname="TestNG_Attributes.child" name="A1" time="0.013"/>
  <system-out/>
  <testcase classname="TestNG_Attributes.child" name="a1" time="0.003"/>
  <system-out/>
</testsuite> <!-- TestNG_Attributes.child -->
