<?xml version="1.0" encoding="UTF-8"?>
<!-- Generated by org.testng.reporters.JUnitReportReporter -->
<testsuite hostname="DESKTOP-UV0REN3" failures="0" tests="1" name="CaptureScreenShots.FullPage" time="13.796" errors="0" timestamp="2023-08-11T18:16:32 IST" skipped="0">
  <testcase classname="CaptureScreenShots.FullPage" name="getFullPage" time="13.796"/>
  <system-out/>
</testsuite> <!-- CaptureScreenShots.FullPage -->
