<?xml version="1.0" encoding="UTF-8"?>
<!-- Generated by org.testng.reporters.JUnitReportReporter -->
<testsuite hostname="DESKTOP-UV0REN3" failures="0" tests="1" name="ExcelData.TestExcelDataForLoop" time="1.281" errors="0" timestamp="2023-07-26T16:04:56 IST" skipped="0">
  <testcase classname="ExcelData.TestExcelDataForLoop" name="handleTestDataExcel" time="1.281"/>
  <system-out/>
</testsuite> <!-- ExcelData.TestExcelDataForLoop -->
