<?xml version="1.0" encoding="UTF-8"?>
<!-- Generated by org.testng.reporters.JUnitReportReporter -->
<testsuite hostname="DESKTOP-UV0REN3" failures="0" tests="1" name="TestCaptureScreenshot.ElementScreenshot" time="9.814" errors="0" timestamp="2023-07-26T18:16:20 IST" skipped="0">
  <testcase classname="TestCaptureScreenshot.ElementScreenshot" name="getElementScreenshot" time="9.814"/>
  <system-out/>
</testsuite> <!-- TestCaptureScreenshot.ElementScreenshot -->
