<?xml version="1.0" encoding="UTF-8"?>
<!-- Generated by org.testng.reporters.JUnitReportReporter -->
<testsuite hostname="DESKTOP-UV0REN3" failures="0" tests="1" name="BrowserNavigation.TestBrowserNavigation" time="13.201" errors="0" timestamp="2023-08-19T08:29:11 IST" skipped="0">
  <testcase classname="BrowserNavigation.TestBrowserNavigation" name="getBrowserNavigation" time="13.201"/>
  <system-out/>
</testsuite> <!-- BrowserNavigation.TestBrowserNavigation -->
