<?xml version="1.0" encoding="UTF-8"?>
<!-- Generated by org.testng.reporters.JUnitReportReporter -->
<testsuite hostname="DESKTOP-UV0REN3" failures="0" tests="1" name="ExcelData.TestForLoopExcelData" time="1.197" errors="0" timestamp="2023-07-26T17:17:29 IST" skipped="0">
  <testcase classname="ExcelData.TestForLoopExcelData" name="getTestData" time="1.197"/>
  <system-out/>
</testsuite> <!-- ExcelData.TestForLoopExcelData -->
