<?xml version="1.0" encoding="UTF-8"?>
<!-- Generated by org.testng.reporters.JUnitReportReporter -->
<testsuite hostname="DESKTOP-UV0REN3" failures="0" tests="1" name="TestWindowHandles.WindowHandle" time="6.016" errors="0" timestamp="2023-09-06T12:41:25 IST" skipped="0">
  <testcase classname="TestWindowHandles.WindowHandle" name="switchWindow" time="6.016"/>
  <system-out/>
</testsuite> <!-- TestWindowHandles.WindowHandle -->
